{"total": {"lines":{"total":756,"covered":474,"skipped":0,"pct":62.69},"statements":{"total":804,"covered":505,"skipped":0,"pct":62.81},"functions":{"total":127,"covered":89,"skipped":0,"pct":70.07},"branches":{"total":518,"covered":298,"skipped":0,"pct":57.52},"branchesTrue":{"total":0,"covered":0,"skipped":0,"pct":100}}
,"/home/user/scientific-journals-website/src/features/auth/schemas/auth-schema.ts": {"lines":{"total":7,"covered":7,"skipped":0,"pct":100},"functions":{"total":2,"covered":2,"skipped":0,"pct":100},"statements":{"total":8,"covered":8,"skipped":0,"pct":100},"branches":{"total":0,"covered":0,"skipped":0,"pct":100}}
,"/home/user/scientific-journals-website/src/features/auth/schemas/registration-schemas.ts": {"lines":{"total":15,"covered":14,"skipped":0,"pct":93.33},"functions":{"total":6,"covered":5,"skipped":0,"pct":83.33},"statements":{"total":15,"covered":14,"skipped":0,"pct":93.33},"branches":{"total":4,"covered":2,"skipped":0,"pct":50}}
,"/home/user/scientific-journals-website/src/features/billing/schemas/billing-schema.ts": {"lines":{"total":6,"covered":0,"skipped":0,"pct":0},"functions":{"total":2,"covered":0,"skipped":0,"pct":0},"statements":{"total":6,"covered":0,"skipped":0,"pct":0},"branches":{"total":0,"covered":0,"skipped":0,"pct":100}}
,"/home/user/scientific-journals-website/src/features/email-templates/schemas/email-template-schema.ts": {"lines":{"total":5,"covered":5,"skipped":0,"pct":100},"functions":{"total":0,"covered":0,"skipped":0,"pct":100},"statements":{"total":5,"covered":5,"skipped":0,"pct":100},"branches":{"total":0,"covered":0,"skipped":0,"pct":100}}
,"/home/user/scientific-journals-website/src/features/help/schemas/help-category-schema.ts": {"lines":{"total":2,"covered":0,"skipped":0,"pct":0},"functions":{"total":0,"covered":0,"skipped":0,"pct":100},"statements":{"total":2,"covered":0,"skipped":0,"pct":0},"branches":{"total":0,"covered":0,"skipped":0,"pct":100}}
,"/home/user/scientific-journals-website/src/features/help/schemas/help-schema.ts": {"lines":{"total":3,"covered":0,"skipped":0,"pct":0},"functions":{"total":0,"covered":0,"skipped":0,"pct":100},"statements":{"total":3,"covered":0,"skipped":0,"pct":0},"branches":{"total":0,"covered":0,"skipped":0,"pct":100}}
,"/home/user/scientific-journals-website/src/features/journals/schemas/journal-registration-schemas.ts": {"lines":{"total":16,"covered":0,"skipped":0,"pct":0},"functions":{"total":6,"covered":0,"skipped":0,"pct":0},"statements":{"total":16,"covered":0,"skipped":0,"pct":0},"branches":{"total":6,"covered":0,"skipped":0,"pct":0}}
,"/home/user/scientific-journals-website/src/features/journals/schemas/journal-schema.ts": {"lines":{"total":4,"covered":4,"skipped":0,"pct":100},"functions":{"total":0,"covered":0,"skipped":0,"pct":100},"statements":{"total":4,"covered":4,"skipped":0,"pct":100},"branches":{"total":0,"covered":0,"skipped":0,"pct":100}}
,"/home/user/scientific-journals-website/src/features/messages/schemas/message-schema.ts": {"lines":{"total":3,"covered":3,"skipped":0,"pct":100},"functions":{"total":0,"covered":0,"skipped":0,"pct":100},"statements":{"total":3,"covered":3,"skipped":0,"pct":100},"branches":{"total":0,"covered":0,"skipped":0,"pct":100}}
,"/home/user/scientific-journals-website/src/features/ojs/schemas/ojs-schema.ts": {"lines":{"total":3,"covered":3,"skipped":0,"pct":100},"functions":{"total":0,"covered":0,"skipped":0,"pct":100},"statements":{"total":3,"covered":3,"skipped":0,"pct":100},"branches":{"total":0,"covered":0,"skipped":0,"pct":100}}
,"/home/user/scientific-journals-website/src/features/reviews/schemas/review-schema.ts": {"lines":{"total":2,"covered":0,"skipped":0,"pct":0},"functions":{"total":0,"covered":0,"skipped":0,"pct":100},"statements":{"total":2,"covered":0,"skipped":0,"pct":0},"branches":{"total":0,"covered":0,"skipped":0,"pct":100}}
,"/home/user/scientific-journals-website/src/features/search/schemas/search-schema.ts": {"lines":{"total":1,"covered":0,"skipped":0,"pct":0},"functions":{"total":0,"covered":0,"skipped":0,"pct":100},"statements":{"total":1,"covered":0,"skipped":0,"pct":0},"branches":{"total":0,"covered":0,"skipped":0,"pct":100}}
,"/home/user/scientific-journals-website/src/features/solutions/schemas/solution-schema.ts": {"lines":{"total":4,"covered":4,"skipped":0,"pct":100},"functions":{"total":0,"covered":0,"skipped":0,"pct":100},"statements":{"total":4,"covered":4,"skipped":0,"pct":100},"branches":{"total":0,"covered":0,"skipped":0,"pct":100}}
,"/home/user/scientific-journals-website/src/lib/auth-middleware.ts": {"lines":{"total":22,"covered":9,"skipped":0,"pct":40.9},"functions":{"total":4,"covered":1,"skipped":0,"pct":25},"statements":{"total":22,"covered":9,"skipped":0,"pct":40.9},"branches":{"total":12,"covered":6,"skipped":0,"pct":50}}
,"/home/user/scientific-journals-website/src/lib/consent.ts": {"lines":{"total":46,"covered":44,"skipped":0,"pct":95.65},"functions":{"total":9,"covered":9,"skipped":0,"pct":100},"statements":{"total":54,"covered":49,"skipped":0,"pct":90.74},"branches":{"total":46,"covered":40,"skipped":0,"pct":86.95}}
,"/home/user/scientific-journals-website/src/lib/env.ts": {"lines":{"total":28,"covered":25,"skipped":0,"pct":89.28},"functions":{"total":7,"covered":7,"skipped":0,"pct":100},"statements":{"total":34,"covered":30,"skipped":0,"pct":88.23},"branches":{"total":24,"covered":17,"skipped":0,"pct":70.83}}
,"/home/user/scientific-journals-website/src/lib/event-recorder.ts": {"lines":{"total":39,"covered":38,"skipped":0,"pct":97.43},"functions":{"total":5,"covered":5,"skipped":0,"pct":100},"statements":{"total":39,"covered":38,"skipped":0,"pct":97.43},"branches":{"total":48,"covered":43,"skipped":0,"pct":89.58}}
,"/home/user/scientific-journals-website/src/lib/highlight-text.tsx": {"lines":{"total":8,"covered":0,"skipped":0,"pct":0},"functions":{"total":2,"covered":0,"skipped":0,"pct":0},"statements":{"total":10,"covered":0,"skipped":0,"pct":0},"branches":{"total":8,"covered":0,"skipped":0,"pct":0}}
,"/home/user/scientific-journals-website/src/lib/identity-cookie.ts": {"lines":{"total":81,"covered":78,"skipped":0,"pct":96.29},"functions":{"total":15,"covered":15,"skipped":0,"pct":100},"statements":{"total":93,"covered":86,"skipped":0,"pct":92.47},"branches":{"total":52,"covered":46,"skipped":0,"pct":88.46}}
,"/home/user/scientific-journals-website/src/lib/ip-hash.ts": {"lines":{"total":13,"covered":13,"skipped":0,"pct":100},"functions":{"total":6,"covered":6,"skipped":0,"pct":100},"statements":{"total":15,"covered":15,"skipped":0,"pct":100},"branches":{"total":14,"covered":13,"skipped":0,"pct":92.85}}
,"/home/user/scientific-journals-website/src/lib/ojs-write-guard.ts": {"lines":{"total":25,"covered":25,"skipped":0,"pct":100},"functions":{"total":2,"covered":2,"skipped":0,"pct":100},"statements":{"total":25,"covered":25,"skipped":0,"pct":100},"branches":{"total":14,"covered":11,"skipped":0,"pct":78.57}}
,"/home/user/scientific-journals-website/src/lib/orcid-oauth.ts": {"lines":{"total":47,"covered":40,"skipped":0,"pct":85.1},"functions":{"total":6,"covered":5,"skipped":0,"pct":83.33},"statements":{"total":48,"covered":40,"skipped":0,"pct":83.33},"branches":{"total":24,"covered":16,"skipped":0,"pct":66.66}}
,"/home/user/scientific-journals-website/src/lib/orcid-state.ts": {"lines":{"total":60,"covered":55,"skipped":0,"pct":91.66},"functions":{"total":13,"covered":13,"skipped":0,"pct":100},"statements":{"total":68,"covered":60,"skipped":0,"pct":88.23},"branches":{"total":30,"covered":24,"skipped":0,"pct":80}}
,"/home/user/scientific-journals-website/src/lib/pagination.ts": {"lines":{"total":8,"covered":8,"skipped":0,"pct":100},"functions":{"total":2,"covered":2,"skipped":0,"pct":100},"statements":{"total":8,"covered":8,"skipped":0,"pct":100},"branches":{"total":9,"covered":8,"skipped":0,"pct":88.88}}
,"/home/user/scientific-journals-website/src/lib/pdf-access.ts": {"lines":{"total":21,"covered":21,"skipped":0,"pct":100},"functions":{"total":3,"covered":3,"skipped":0,"pct":100},"statements":{"total":21,"covered":21,"skipped":0,"pct":100},"branches":{"total":10,"covered":9,"skipped":0,"pct":90}}
,"/home/user/scientific-journals-website/src/lib/rate-limiter-configs.ts": {"lines":{"total":12,"covered":12,"skipped":0,"pct":100},"functions":{"total":2,"covered":2,"skipped":0,"pct":100},"statements":{"total":14,"covered":13,"skipped":0,"pct":92.85},"branches":{"total":6,"covered":4,"skipped":0,"pct":66.66}}
,"/home/user/scientific-journals-website/src/lib/rate-limiter.ts": {"lines":{"total":24,"covered":20,"skipped":0,"pct":83.33},"functions":{"total":3,"covered":2,"skipped":0,"pct":66.66},"statements":{"total":25,"covered":20,"skipped":0,"pct":80},"branches":{"total":16,"covered":12,"skipped":0,"pct":75}}
,"/home/user/scientific-journals-website/src/lib/rpc-utils.ts": {"lines":{"total":5,"covered":0,"skipped":0,"pct":0},"functions":{"total":1,"covered":0,"skipped":0,"pct":0},"statements":{"total":5,"covered":0,"skipped":0,"pct":0},"branches":{"total":5,"covered":0,"skipped":0,"pct":0}}
,"/home/user/scientific-journals-website/src/lib/rpc.ts": {"lines":{"total":2,"covered":0,"skipped":0,"pct":0},"functions":{"total":0,"covered":0,"skipped":0,"pct":100},"statements":{"total":2,"covered":0,"skipped":0,"pct":0},"branches":{"total":4,"covered":0,"skipped":0,"pct":0}}
,"/home/user/scientific-journals-website/src/lib/serialize.ts": {"lines":{"total":16,"covered":16,"skipped":0,"pct":100},"functions":{"total":2,"covered":2,"skipped":0,"pct":100},"statements":{"total":17,"covered":17,"skipped":0,"pct":100},"branches":{"total":20,"covered":20,"skipped":0,"pct":100}}
,"/home/user/scientific-journals-website/src/lib/utils.ts": {"lines":{"total":2,"covered":0,"skipped":0,"pct":0},"functions":{"total":1,"covered":0,"skipped":0,"pct":0},"statements":{"total":2,"covered":0,"skipped":0,"pct":0},"branches":{"total":0,"covered":0,"skipped":0,"pct":100}}
,"/home/user/scientific-journals-website/src/lib/db/auth-edge.ts": {"lines":{"total":27,"covered":0,"skipped":0,"pct":0},"functions":{"total":4,"covered":0,"skipped":0,"pct":0},"statements":{"total":27,"covered":0,"skipped":0,"pct":0},"branches":{"total":13,"covered":0,"skipped":0,"pct":0}}
,"/home/user/scientific-journals-website/src/lib/db/auth.ts": {"lines":{"total":2,"covered":0,"skipped":0,"pct":0},"functions":{"total":1,"covered":0,"skipped":0,"pct":0},"statements":{"total":2,"covered":0,"skipped":0,"pct":0},"branches":{"total":2,"covered":0,"skipped":0,"pct":0}}
,"/home/user/scientific-journals-website/src/lib/db/config.ts": {"lines":{"total":6,"covered":5,"skipped":0,"pct":83.33},"functions":{"total":2,"covered":1,"skipped":0,"pct":50},"statements":{"total":6,"covered":5,"skipped":0,"pct":83.33},"branches":{"total":16,"covered":14,"skipped":0,"pct":87.5}}
,"/home/user/scientific-journals-website/src/lib/db/init.ts": {"lines":{"total":98,"covered":0,"skipped":0,"pct":0},"functions":{"total":3,"covered":0,"skipped":0,"pct":0},"statements":{"total":99,"covered":0,"skipped":0,"pct":0},"branches":{"total":50,"covered":0,"skipped":0,"pct":0}}
,"/home/user/scientific-journals-website/src/lib/db/users.ts": {"lines":{"total":14,"covered":0,"skipped":0,"pct":0},"functions":{"total":3,"covered":0,"skipped":0,"pct":0},"statements":{"total":14,"covered":0,"skipped":0,"pct":0},"branches":{"total":20,"covered":0,"skipped":0,"pct":0}}
,"/home/user/scientific-journals-website/src/lib/email/event-dispatcher.ts": {"lines":{"total":16,"covered":16,"skipped":0,"pct":100},"functions":{"total":1,"covered":1,"skipped":0,"pct":100},"statements":{"total":16,"covered":16,"skipped":0,"pct":100},"branches":{"total":10,"covered":9,"skipped":0,"pct":90}}
,"/home/user/scientific-journals-website/src/lib/email/events.ts": {"lines":{"total":0,"covered":0,"skipped":0,"pct":100},"functions":{"total":0,"covered":0,"skipped":0,"pct":100},"statements":{"total":0,"covered":0,"skipped":0,"pct":100},"branches":{"total":0,"covered":0,"skipped":0,"pct":100}}
,"/home/user/scientific-journals-website/src/lib/email/index.ts": {"lines":{"total":0,"covered":0,"skipped":0,"pct":100},"functions":{"total":0,"covered":0,"skipped":0,"pct":100},"statements":{"total":0,"covered":0,"skipped":0,"pct":100},"branches":{"total":0,"covered":0,"skipped":0,"pct":100}}
,"/home/user/scientific-journals-website/src/lib/email/renderer.ts": {"lines":{"total":12,"covered":8,"skipped":0,"pct":66.66},"functions":{"total":7,"covered":6,"skipped":0,"pct":85.71},"statements":{"total":15,"covered":11,"skipped":0,"pct":73.33},"branches":{"total":5,"covered":4,"skipped":0,"pct":80}}
,"/home/user/scientific-journals-website/src/lib/email/service.ts": {"lines":{"total":35,"covered":0,"skipped":0,"pct":0},"functions":{"total":4,"covered":0,"skipped":0,"pct":0},"statements":{"total":35,"covered":0,"skipped":0,"pct":0},"branches":{"total":26,"covered":0,"skipped":0,"pct":0}}
,"/home/user/scientific-journals-website/src/lib/email/transport.ts": {"lines":{"total":16,"covered":1,"skipped":0,"pct":6.25},"functions":{"total":3,"covered":0,"skipped":0,"pct":0},"statements":{"total":16,"covered":1,"skipped":0,"pct":6.25},"branches":{"total":24,"covered":0,"skipped":0,"pct":0}}
}
